Not searching for unused variables given on the command line.
[36m--[0m Using CATKIN_DEVEL_PREFIX: /home/pi/catkin_ws/devel/.private/xgo_camera
[36m--[0m Using CMAKE_PREFIX_PATH: /home/pi/catkin_ws/devel;/opt/ros/noetic
[36m--[0m This workspace overlays: /home/pi/catkin_ws/devel;/opt/ros/noetic
[36m--[0m Found PythonInterp: /usr/bin/python3 (found suitable version "3.8.10", minimum required is "3")
[36m--[0m Using PYTHON_EXECUTABLE: /usr/bin/python3
[36m--[0m Using Debian Python package layout
[36m--[0m Using empy: /usr/lib/python3/dist-packages/em.py
[36m--[0m Using CATKIN_ENABLE_TESTING: ON
[36m--[0m Call enable_testing()
[36m--[0m Using CATKIN_TEST_RESULTS_DIR: /home/pi/catkin_ws/build/xgo_camera/test_results
[36m--[0m Forcing gtest/gmock from source, though one was otherwise available.
[36m--[0m Found gtest sources under '/usr/src/googletest': gtests will be built
[36m--[0m Found gmock sources under '/usr/src/googletest': gmock will be built
[36m--[0m Found PythonInterp: /usr/bin/python3 (found version "3.8.10")
[36m--[0m Using Python nosetests: /usr/bin/nosetests3
[36m--[0m catkin 0.8.10
[36m--[0m BUILD_SHARED_LIBS is on
[36m--[0m Using these message generators: gencpp;geneus;genlisp;gennodejs;genpy
[31m[1mCMake Error[0m at /home/pi/catkin_ws/src/xgo_camera/CMakeLists.txt:59 (add_dependencies):
  Cannot add target-level dependencies to non-existent target "xgo_camera".

  The add_dependencies works for top-level logical targets created by the
  add_executable, add_library, or add_custom_target commands.  If you want to
  add file-level dependencies see the DEPENDS option of the add_custom_target
  and add_custom_command commands.


[31m[1mCMake Error[0m at /home/pi/catkin_ws/src/xgo_camera/CMakeLists.txt:69 (target_link_libraries):
  Cannot specify link libraries for target "xgo_camera_node" which is not
  built by this project.


[36m--[0m Configuring incomplete, errors occurred!
See also "/home/pi/catkin_ws/build/xgo_camera/CMakeFiles/CMakeOutput.log".
See also "/home/pi/catkin_ws/build/xgo_camera/CMakeFiles/CMakeError.log".
