[  0%] Built target std_msgs_generate_messages_py
[  3%] [32mBuilding CXX object CMakeFiles/xgo_ros_node.dir/src/xgo_control_node.cpp.o[0m
[  3%] Built target _xgo_ros_generate_messages_check_deps_JointAngle
[  7%] [32mBuilding CXX object CMakeFiles/xgo_ros_node.dir/src/xgo.cpp.o[0m
[  7%] Built target _xgo_ros_generate_messages_check_deps_LegPose
[  7%] Built target _xgo_ros_generate_messages_check_deps_BodyPose
[  7%] Built target std_msgs_generate_messages_nodejs
[  7%] Built target _xgo_ros_generate_messages_check_deps_ArmPose
[  7%] Built target std_msgs_generate_messages_lisp
[  7%] Built target std_msgs_generate_messages_eus
[  7%] Built target std_msgs_generate_messages_cpp
[  7%] Built target geometry_msgs_generate_messages_eus
[  7%] Built target rosgraph_msgs_generate_messages_eus
[  7%] Built target rosgraph_msgs_generate_messages_cpp
[  7%] Built target roscpp_generate_messages_nodejs
[  7%] Built target geometry_msgs_generate_messages_lisp
[  7%] Built target sensor_msgs_generate_messages_py
[  7%] Built target geometry_msgs_generate_messages_py
[  7%] Built target geometry_msgs_generate_messages_nodejs
[  7%] Built target geometry_msgs_generate_messages_cpp
[  7%] Built target roscpp_generate_messages_eus
[  7%] Built target sensor_msgs_generate_messages_lisp
[  7%] Built target sensor_msgs_generate_messages_nodejs
[  7%] Built target roscpp_generate_messages_py
[  7%] Built target roscpp_generate_messages_cpp
[  7%] Built target sensor_msgs_generate_messages_eus
[  7%] Built target rosgraph_msgs_generate_messages_py
[  7%] Built target rosgraph_msgs_generate_messages_lisp
[  7%] Built target roscpp_generate_messages_lisp
[  7%] Built target rosgraph_msgs_generate_messages_nodejs
[  7%] Built target sensor_msgs_generate_messages_cpp
[ 25%] Built target xgo_ros_generate_messages_py
[ 40%] Built target xgo_ros_generate_messages_nodejs
[35m[1mScanning dependencies of target xgo_ros_generate_messages_eus[0m
[ 55%] Built target xgo_ros_generate_messages_lisp
[ 59%] [34m[1mGenerating EusLisp code from xgo_ros/ArmPose.msg[0m
[ 62%] [34m[1mGenerating EusLisp code from xgo_ros/BodyPose.msg[0m
In file included from [01m[K/home/pi/catkin_ws/src/xgo_ros/src/xgo_control_node.cpp:10[m[K:
[01m[K/home/pi/catkin_ws/src/xgo_ros/include/xgo_ros/xgo.h:8:10:[m[K [01;31m[Kfatal error: [m[Kxgo_ros/JointAngle.h: No such file or directory
    8 | #include [01;31m[K"xgo_ros/JointAngle.h"[m[K
      |          [01;31m[K^~~~~~~~~~~~~~~~~~~~~~[m[K
compilation terminated.
make[2]: *** [CMakeFiles/xgo_ros_node.dir/build.make:63: CMakeFiles/xgo_ros_node.dir/src/xgo_control_node.cpp.o] Error 1
make[2]: *** Waiting for unfinished jobs....
[35m[1mScanning dependencies of target xgo_ros_generate_messages_cpp[0m
[ 66%] [34m[1mGenerating EusLisp code from xgo_ros/LegPose.msg[0m
[ 70%] [34m[1mGenerating EusLisp code from xgo_ros/JointAngle.msg[0m
[ 74%] [34m[1mGenerating C++ code from xgo_ros/ArmPose.msg[0m
In file included from [01m[K/home/pi/catkin_ws/src/xgo_ros/src/xgo.cpp:2[m[K:
[ 77%] [34m[1mGenerating C++ code from xgo_ros/BodyPose.msg[0m
[01m[K/home/pi/catkin_ws/src/xgo_ros/include/xgo_ros/xgo.h:8:10:[m[K [01;31m[Kfatal error: [m[Kxgo_ros/JointAngle.h: No such file or directory
    8 | #include [01;31m[K"xgo_ros/JointAngle.h"[m[K
      |          [01;31m[K^~~~~~~~~~~~~~~~~~~~~~[m[K
compilation terminated.
make[2]: *** [CMakeFiles/xgo_ros_node.dir/build.make:76: CMakeFiles/xgo_ros_node.dir/src/xgo.cpp.o] Error 1
make[1]: *** [CMakeFiles/Makefile2:299: CMakeFiles/xgo_ros_node.dir/all] Error 2
make[1]: *** Waiting for unfinished jobs....
[ 81%] [34m[1mGenerating EusLisp manifest code for xgo_ros[0m
[ 85%] [34m[1mGenerating C++ code from xgo_ros/LegPose.msg[0m
[ 88%] [34m[1mGenerating C++ code from xgo_ros/JointAngle.msg[0m
[ 88%] Built target xgo_ros_generate_messages_cpp
[ 88%] Built target xgo_ros_generate_messages_eus
make: *** [Makefile:141: all] Error 2
