[35m[1mScanning dependencies of target xgo_node[0m
[  0%] Built target tf2_msgs_generate_messages_nodejs
[  0%] Built target geometry_msgs_generate_messages_eus
[  0%] Built target tf2_msgs_generate_messages_lisp
[ 20%] [32mBuilding CXX object CMakeFiles/xgo_node.dir/src/xgo.cpp.o[0m
[ 20%] Built target actionlib_msgs_generate_messages_nodejs
[ 20%] Built target actionlib_msgs_generate_messages_lisp
[ 20%] Built target actionlib_generate_messages_py
[ 20%] Built target actionlib_msgs_generate_messages_cpp
[ 20%] Built target actionlib_generate_messages_nodejs
[ 20%] Built target actionlib_generate_messages_eus
[ 20%] Built target tf_generate_messages_nodejs
[ 20%] Built target tf_generate_messages_lisp
[ 20%] Built target rosgraph_msgs_generate_messages_eus
[ 20%] Built target rosgraph_msgs_generate_messages_cpp
[ 20%] Built target roscpp_generate_messages_nodejs
[ 20%] Built target std_msgs_generate_messages_eus
[ 20%] Built target tf_generate_messages_cpp
[ 20%] Built target geometry_msgs_generate_messages_lisp
[ 20%] Built target geometry_msgs_generate_messages_py
[ 20%] Built target sensor_msgs_generate_messages_py
[ 20%] Built target tf2_msgs_generate_messages_py
[ 20%] Built target geometry_msgs_generate_messages_cpp
[ 20%] Built target geometry_msgs_generate_messages_nodejs
[ 20%] Built target tf2_msgs_generate_messages_eus
[ 20%] Built target roscpp_generate_messages_eus
[ 20%] Built target sensor_msgs_generate_messages_lisp
[ 20%] Built target sensor_msgs_generate_messages_nodejs
[ 20%] Built target tf_generate_messages_py
[ 20%] Built target roscpp_generate_messages_py
[ 20%] Built target roscpp_generate_messages_cpp
[ 20%] Built target sensor_msgs_generate_messages_eus
[ 20%] Built target rosgraph_msgs_generate_messages_py
[ 20%] Built target actionlib_msgs_generate_messages_eus
[ 20%] Built target rosgraph_msgs_generate_messages_lisp
[ 20%] Built target std_msgs_generate_messages_lisp
[ 20%] Built target actionlib_generate_messages_lisp
[ 20%] Built target roscpp_generate_messages_lisp
[ 20%] Built target actionlib_msgs_generate_messages_py
[ 20%] Built target actionlib_generate_messages_cpp
[ 20%] Built target rosgraph_msgs_generate_messages_nodejs
[ 20%] Built target tf2_msgs_generate_messages_cpp
[ 20%] Built target tf_generate_messages_eus
[ 20%] Built target std_msgs_generate_messages_cpp
[ 20%] Built target std_msgs_generate_messages_py
[ 20%] Built target sensor_msgs_generate_messages_cpp
[ 20%] Built target std_msgs_generate_messages_nodejs
[35m[1mScanning dependencies of target xgo[0m
[ 40%] [32mBuilding CXX object CMakeFiles/xgo.dir/src/xgo.cpp.o[0m
[ 60%] [32m[1mLinking CXX executable /home/pi/catkin_ws/devel/.private/xgo/lib/xgo/xgo_node[0m
[ 80%] [32m[1mLinking CXX shared library /home/pi/catkin_ws/devel/.private/xgo/lib/libxgo.so[0m
[ 80%] Built target xgo
[100%] Built target xgo_node
